<?xml version="1.0" encoding="UTF-8"?>
<testsuite xmlns:xsi="http://www.w3.org/2001/XMLSchema-instance" xsi:noNamespaceSchemaLocation="https://maven.apache.org/surefire/maven-surefire-plugin/xsd/surefire-test-report-3.0.xsd" version="3.0" name="tokyo.huyhieu.cukcuk.model.ExportNGTest" time="0.352" tests="6" errors="0" skipped="0" failures="0">
  <properties>
    <property name="java.specification.version" value="17"/>
    <property name="sun.cpu.isalist" value="amd64"/>
    <property name="sun.jnu.encoding" value="Cp1252"/>
    <property name="java.class.path" value="C:\Users\huyhi\Documents\NetBeansProjects\cukcuk\target\test-classes;C:\Users\huyhi\Documents\NetBeansProjects\cukcuk\target\classes;C:\Users\huyhi\.m2\repository\org\imgscalr\imgscalr-lib\4.2\imgscalr-lib-4.2.jar;C:\Users\huyhi\.m2\repository\org\netbeans\external\AbsoluteLayout\RELEASE120\AbsoluteLayout-RELEASE120.jar;C:\Users\huyhi\.m2\repository\org\apache\poi\poi-ooxml\4.1.2\poi-ooxml-4.1.2.jar;C:\Users\huyhi\.m2\repository\org\apache\poi\poi-ooxml-schemas\4.1.2\poi-ooxml-schemas-4.1.2.jar;C:\Users\huyhi\.m2\repository\org\apache\xmlbeans\xmlbeans\3.1.0\xmlbeans-3.1.0.jar;C:\Users\huyhi\.m2\repository\org\apache\commons\commons-compress\1.19\commons-compress-1.19.jar;C:\Users\huyhi\.m2\repository\com\github\virtuald\curvesapi\1.06\curvesapi-1.06.jar;C:\Users\huyhi\.m2\repository\com\toedter\jcalendar\1.4\jcalendar-1.4.jar;C:\Users\huyhi\.m2\repository\com\formdev\flatlaf\1.6.4\flatlaf-1.6.4.jar;C:\Users\huyhi\.m2\repository\com\microsoft\sqlserver\mssql-jdbc\9.4.1.jre11\mssql-jdbc-9.4.1.jre11.jar;C:\Users\huyhi\.m2\repository\org\javamoney\moneta\1.0\moneta-1.0.jar;C:\Users\huyhi\.m2\repository\javax\money\money-api\1.0\money-api-1.0.jar;C:\Users\huyhi\.m2\repository\javax\annotation\javax.annotation-api\1.2\javax.annotation-api-1.2.jar;C:\Users\huyhi\.m2\repository\jfree\jcommon\1.0.12\jcommon-1.0.12.jar;C:\Users\huyhi\.m2\repository\jfree\jfreechart\1.0.9\jfreechart-1.0.9.jar;C:\Users\huyhi\.m2\repository\unknown\binary\KControls-2.0\SNAPSHOT\KControls-2.0-SNAPSHOT.jar;C:\Users\huyhi\.m2\repository\org\apache\poi\poi\3.17\poi-3.17.jar;C:\Users\huyhi\.m2\repository\commons-codec\commons-codec\1.10\commons-codec-1.10.jar;C:\Users\huyhi\.m2\repository\org\apache\commons\commons-collections4\4.1\commons-collections4-4.1.jar;C:\Users\huyhi\.m2\repository\org\testng\testng\6.14.3\testng-6.14.3.jar;C:\Users\huyhi\.m2\repository\com\beust\jcommander\1.72\jcommander-1.72.jar;C:\Users\huyhi\.m2\repository\org\apache-extras\beanshell\bsh\2.0b6\bsh-2.0b6.jar;C:\Users\huyhi\.m2\repository\org\powermock\powermock-module-junit4\2.0.9\powermock-module-junit4-2.0.9.jar;C:\Users\huyhi\.m2\repository\org\powermock\powermock-module-junit4-common\2.0.9\powermock-module-junit4-common-2.0.9.jar;C:\Users\huyhi\.m2\repository\junit\junit\4.12\junit-4.12.jar;C:\Users\huyhi\.m2\repository\org\hamcrest\hamcrest-core\1.3\hamcrest-core-1.3.jar;C:\Users\huyhi\.m2\repository\org\powermock\powermock-api-mockito2\2.0.9\powermock-api-mockito2-2.0.9.jar;C:\Users\huyhi\.m2\repository\org\powermock\powermock-api-support\2.0.9\powermock-api-support-2.0.9.jar;C:\Users\huyhi\.m2\repository\org\mockito\mockito-core\3.3.3\mockito-core-3.3.3.jar;C:\Users\huyhi\.m2\repository\org\objenesis\objenesis\2.6\objenesis-2.6.jar;C:\Users\huyhi\.m2\repository\org\powermock\powermock-core\2.0.9\powermock-core-2.0.9.jar;C:\Users\huyhi\.m2\repository\org\powermock\powermock-reflect\2.0.9\powermock-reflect-2.0.9.jar;C:\Users\huyhi\.m2\repository\org\javassist\javassist\3.27.0-GA\javassist-3.27.0-GA.jar;C:\Users\huyhi\.m2\repository\net\bytebuddy\byte-buddy\1.10.14\byte-buddy-1.10.14.jar;C:\Users\huyhi\.m2\repository\net\bytebuddy\byte-buddy-agent\1.10.14\byte-buddy-agent-1.10.14.jar;C:\Users\huyhi\.m2\repository\org\powermock\powermock-module-testng\2.0.9\powermock-module-testng-2.0.9.jar;C:\Users\huyhi\.m2\repository\org\powermock\powermock-module-testng-common\2.0.9\powermock-module-testng-common-2.0.9.jar;C:\Users\huyhi\.m2\repository\org\powermock\powermock-module-testng-agent\2.0.9\powermock-module-testng-agent-2.0.9.jar;C:\Users\huyhi\.m2\repository\org\powermock\powermock-module-javaagent\2.0.9\powermock-module-javaagent-2.0.9.jar;C:\Users\huyhi\.m2\repository\org\mockito\mockito-all\1.10.19\mockito-all-1.10.19.jar;C:\Users\huyhi\.m2\repository\com\googlecode\jinahya\jdbc-helper\1.0-alpha-14\jdbc-helper-1.0-alpha-14.jar;C:\Users\huyhi\.m2\repository\com\mockrunner\mockrunner-jdbc\2.0.6\mockrunner-jdbc-2.0.6.jar;C:\Users\huyhi\.m2\repository\com\mockrunner\mockrunner-core\2.0.6\mockrunner-core-2.0.6.jar;C:\Users\huyhi\.m2\repository\jdom\jdom\1.0\jdom-1.0.jar;C:\Users\huyhi\.m2\repository\oro\oro\2.0.8\oro-2.0.8.jar;C:\Users\huyhi\.m2\repository\com\kirkk\jaranalyzer\1.2\jaranalyzer-1.2.jar;C:\Users\huyhi\.m2\repository\bcel\bcel\5.1\bcel-5.1.jar;C:\Users\huyhi\.m2\repository\regexp\regexp\1.2\regexp-1.2.jar;C:\Users\huyhi\.m2\repository\jakarta-regexp\jakarta-regexp\1.4\jakarta-regexp-1.4.jar;C:\Users\huyhi\.m2\repository\ant\ant\1.6.5\ant-1.6.5.jar;C:\Users\huyhi\.m2\repository\nekohtml\nekohtml\0.9.5\nekohtml-0.9.5.jar;C:\Users\huyhi\.m2\repository\xerces\xercesImpl\2.4.0\xercesImpl-2.4.0.jar;C:\Users\huyhi\.m2\repository\commons-logging\commons-logging\1.0.4\commons-logging-1.0.4.jar;"/>
    <property name="java.vm.vendor" value="Eclipse Adoptium"/>
    <property name="sun.arch.data.model" value="64"/>
    <property name="user.variant" value=""/>
    <property name="java.vendor.url" value="https://adoptium.net/"/>
    <property name="user.timezone" value="Asia/Saigon"/>
    <property name="os.name" value="Windows 10"/>
    <property name="java.vm.specification.version" value="17"/>
    <property name="user.country" value="US"/>
    <property name="sun.java.launcher" value="SUN_STANDARD"/>
    <property name="sun.boot.library.path" value="C:\Program Files\Eclipse Adoptium\jdk-17.0.1.12-hotspot\bin"/>
    <property name="sun.java.command" value="C:\Users\huyhi\AppData\Local\Temp\surefire15938622636690270677\surefirebooter15145329076400945258.jar C:\Users\huyhi\AppData\Local\Temp\surefire15938622636690270677 2022-05-29T21-33-10_030-jvmRun1 surefire2528503517816197742tmp surefire_116516035421691032268tmp"/>
    <property name="jdk.debug" value="release"/>
    <property name="test" value="tokyo.huyhieu.cukcuk.model.ExportNGTest"/>
    <property name="surefire.test.class.path" value="C:\Users\huyhi\Documents\NetBeansProjects\cukcuk\target\test-classes;C:\Users\huyhi\Documents\NetBeansProjects\cukcuk\target\classes;C:\Users\huyhi\.m2\repository\org\imgscalr\imgscalr-lib\4.2\imgscalr-lib-4.2.jar;C:\Users\huyhi\.m2\repository\org\netbeans\external\AbsoluteLayout\RELEASE120\AbsoluteLayout-RELEASE120.jar;C:\Users\huyhi\.m2\repository\org\apache\poi\poi-ooxml\4.1.2\poi-ooxml-4.1.2.jar;C:\Users\huyhi\.m2\repository\org\apache\poi\poi-ooxml-schemas\4.1.2\poi-ooxml-schemas-4.1.2.jar;C:\Users\huyhi\.m2\repository\org\apache\xmlbeans\xmlbeans\3.1.0\xmlbeans-3.1.0.jar;C:\Users\huyhi\.m2\repository\org\apache\commons\commons-compress\1.19\commons-compress-1.19.jar;C:\Users\huyhi\.m2\repository\com\github\virtuald\curvesapi\1.06\curvesapi-1.06.jar;C:\Users\huyhi\.m2\repository\com\toedter\jcalendar\1.4\jcalendar-1.4.jar;C:\Users\huyhi\.m2\repository\com\formdev\flatlaf\1.6.4\flatlaf-1.6.4.jar;C:\Users\huyhi\.m2\repository\com\microsoft\sqlserver\mssql-jdbc\9.4.1.jre11\mssql-jdbc-9.4.1.jre11.jar;C:\Users\huyhi\.m2\repository\org\javamoney\moneta\1.0\moneta-1.0.jar;C:\Users\huyhi\.m2\repository\javax\money\money-api\1.0\money-api-1.0.jar;C:\Users\huyhi\.m2\repository\javax\annotation\javax.annotation-api\1.2\javax.annotation-api-1.2.jar;C:\Users\huyhi\.m2\repository\jfree\jcommon\1.0.12\jcommon-1.0.12.jar;C:\Users\huyhi\.m2\repository\jfree\jfreechart\1.0.9\jfreechart-1.0.9.jar;C:\Users\huyhi\.m2\repository\unknown\binary\KControls-2.0\SNAPSHOT\KControls-2.0-SNAPSHOT.jar;C:\Users\huyhi\.m2\repository\org\apache\poi\poi\3.17\poi-3.17.jar;C:\Users\huyhi\.m2\repository\commons-codec\commons-codec\1.10\commons-codec-1.10.jar;C:\Users\huyhi\.m2\repository\org\apache\commons\commons-collections4\4.1\commons-collections4-4.1.jar;C:\Users\huyhi\.m2\repository\org\testng\testng\6.14.3\testng-6.14.3.jar;C:\Users\huyhi\.m2\repository\com\beust\jcommander\1.72\jcommander-1.72.jar;C:\Users\huyhi\.m2\repository\org\apache-extras\beanshell\bsh\2.0b6\bsh-2.0b6.jar;C:\Users\huyhi\.m2\repository\org\powermock\powermock-module-junit4\2.0.9\powermock-module-junit4-2.0.9.jar;C:\Users\huyhi\.m2\repository\org\powermock\powermock-module-junit4-common\2.0.9\powermock-module-junit4-common-2.0.9.jar;C:\Users\huyhi\.m2\repository\junit\junit\4.12\junit-4.12.jar;C:\Users\huyhi\.m2\repository\org\hamcrest\hamcrest-core\1.3\hamcrest-core-1.3.jar;C:\Users\huyhi\.m2\repository\org\powermock\powermock-api-mockito2\2.0.9\powermock-api-mockito2-2.0.9.jar;C:\Users\huyhi\.m2\repository\org\powermock\powermock-api-support\2.0.9\powermock-api-support-2.0.9.jar;C:\Users\huyhi\.m2\repository\org\mockito\mockito-core\3.3.3\mockito-core-3.3.3.jar;C:\Users\huyhi\.m2\repository\org\objenesis\objenesis\2.6\objenesis-2.6.jar;C:\Users\huyhi\.m2\repository\org\powermock\powermock-core\2.0.9\powermock-core-2.0.9.jar;C:\Users\huyhi\.m2\repository\org\powermock\powermock-reflect\2.0.9\powermock-reflect-2.0.9.jar;C:\Users\huyhi\.m2\repository\org\javassist\javassist\3.27.0-GA\javassist-3.27.0-GA.jar;C:\Users\huyhi\.m2\repository\net\bytebuddy\byte-buddy\1.10.14\byte-buddy-1.10.14.jar;C:\Users\huyhi\.m2\repository\net\bytebuddy\byte-buddy-agent\1.10.14\byte-buddy-agent-1.10.14.jar;C:\Users\huyhi\.m2\repository\org\powermock\powermock-module-testng\2.0.9\powermock-module-testng-2.0.9.jar;C:\Users\huyhi\.m2\repository\org\powermock\powermock-module-testng-common\2.0.9\powermock-module-testng-common-2.0.9.jar;C:\Users\huyhi\.m2\repository\org\powermock\powermock-module-testng-agent\2.0.9\powermock-module-testng-agent-2.0.9.jar;C:\Users\huyhi\.m2\repository\org\powermock\powermock-module-javaagent\2.0.9\powermock-module-javaagent-2.0.9.jar;C:\Users\huyhi\.m2\repository\org\mockito\mockito-all\1.10.19\mockito-all-1.10.19.jar;C:\Users\huyhi\.m2\repository\com\googlecode\jinahya\jdbc-helper\1.0-alpha-14\jdbc-helper-1.0-alpha-14.jar;C:\Users\huyhi\.m2\repository\com\mockrunner\mockrunner-jdbc\2.0.6\mockrunner-jdbc-2.0.6.jar;C:\Users\huyhi\.m2\repository\com\mockrunner\mockrunner-core\2.0.6\mockrunner-core-2.0.6.jar;C:\Users\huyhi\.m2\repository\jdom\jdom\1.0\jdom-1.0.jar;C:\Users\huyhi\.m2\repository\oro\oro\2.0.8\oro-2.0.8.jar;C:\Users\huyhi\.m2\repository\com\kirkk\jaranalyzer\1.2\jaranalyzer-1.2.jar;C:\Users\huyhi\.m2\repository\bcel\bcel\5.1\bcel-5.1.jar;C:\Users\huyhi\.m2\repository\regexp\regexp\1.2\regexp-1.2.jar;C:\Users\huyhi\.m2\repository\jakarta-regexp\jakarta-regexp\1.4\jakarta-regexp-1.4.jar;C:\Users\huyhi\.m2\repository\ant\ant\1.6.5\ant-1.6.5.jar;C:\Users\huyhi\.m2\repository\nekohtml\nekohtml\0.9.5\nekohtml-0.9.5.jar;C:\Users\huyhi\.m2\repository\xerces\xercesImpl\2.4.0\xercesImpl-2.4.0.jar;C:\Users\huyhi\.m2\repository\commons-logging\commons-logging\1.0.4\commons-logging-1.0.4.jar;"/>
    <property name="sun.cpu.endian" value="little"/>
    <property name="user.home" value="C:\Users\huyhi"/>
    <property name="user.language" value="en"/>
    <property name="java.specification.vendor" value="Oracle Corporation"/>
    <property name="java.version.date" value="2021-10-19"/>
    <property name="java.home" value="C:\Program Files\Eclipse Adoptium\jdk-17.0.1.12-hotspot"/>
    <property name="file.separator" value="\"/>
    <property name="basedir" value="C:\Users\huyhi\Documents\NetBeansProjects\cukcuk"/>
    <property name="java.vm.compressedOopsMode" value="Zero based"/>
    <property name="line.separator" value="&#10;"/>
    <property name="java.vm.specification.vendor" value="Oracle Corporation"/>
    <property name="java.specification.name" value="Java Platform API Specification"/>
    <property name="surefire.real.class.path" value="C:\Users\huyhi\AppData\Local\Temp\surefire15938622636690270677\surefirebooter15145329076400945258.jar"/>
    <property name="user.script" value=""/>
    <property name="sun.management.compiler" value="HotSpot 64-Bit Tiered Compilers"/>
    <property name="java.runtime.version" value="17.0.1+12"/>
    <property name="user.name" value="huyhi"/>
    <property name="path.separator" value=";"/>
    <property name="os.version" value="10.0"/>
    <property name="java.runtime.name" value="OpenJDK Runtime Environment"/>
    <property name="file.encoding" value="Cp1252"/>
    <property name="java.vm.name" value="OpenJDK 64-Bit Server VM"/>
    <property name="java.vendor.version" value="Temurin-17.0.1+12"/>
    <property name="maven.ext.class.path" value="C:\Program Files\NetBeans-12.5\netbeans\java\maven-nblib\netbeans-eventspy.jar"/>
    <property name="localRepository" value="C:\Users\huyhi\.m2\repository"/>
    <property name="java.vendor.url.bug" value="https://github.com/adoptium/adoptium-support/issues"/>
    <property name="java.io.tmpdir" value="C:\Users\huyhi\AppData\Local\Temp\"/>
    <property name="java.version" value="17.0.1"/>
    <property name="user.dir" value="C:\Users\huyhi\Documents\NetBeansProjects\cukcuk"/>
    <property name="os.arch" value="amd64"/>
    <property name="java.vm.specification.name" value="Java Virtual Machine Specification"/>
    <property name="sun.os.patch.level" value=""/>
    <property name="native.encoding" value="Cp1252"/>
    <property name="java.library.path" value="C:\Program Files\Eclipse Adoptium\jdk-17.0.1.12-hotspot\bin;C:\Windows\Sun\Java\bin;C:\Windows\system32;C:\Windows;C:\Program Files\Microsoft\jdk-11.0.12.7-hotspot\bin;C:\Program Files (x86)\Common Files\Intel\Shared Libraries\redist\intel64\compiler;C:\Program Files (x86)\VMware\VMware Workstation\bin\;C:\Program Files\Microsoft MPI\Bin\;C:\Program Files\Eclipse Adoptium\jdk-17.0.1.12-hotspot\bin;C:\Windows\system32;C:\Windows;C:\Windows\System32\Wbem;C:\Windows\System32\WindowsPowerShell\v1.0\;C:\Windows\System32\OpenSSH\;C:\Program Files (x86)\NVIDIA Corporation\PhysX\Common;C:\Program Files\NVIDIA Corporation\NVIDIA NvDLISR;C:\Program Files\Microsoft SQL Server\Client SDK\ODBC\170\Tools\Binn\;C:\Program Files (x86)\Microsoft SQL Server\150\Tools\Binn\;C:\Program Files\Microsoft SQL Server\150\Tools\Binn\;C:\Program Files\Microsoft SQL Server\150\DTS\Binn\;C:\Program Files (x86)\Microsoft SQL Server\150\DTS\Binn\;C:\Program Files\Azure Data Studio\bin;C:\Program Files\Git\cmd;C:\Program Files\nodejs\;C:\Program Files\Docker\Docker\resources\bin;C:\ProgramData\DockerDesktop\version-bin;C:\Program Files\dotnet\;C:\Program Files (x86)\dotnet\;C:\xampp\php;C:\composer;C:\Program Files\PowerShell\7\;C:\Users\huyhi\AppData\Local\Microsoft\WindowsApps;C:\Users\huyhi\AppData\Local\Programs\Microsoft VS Code\bin;C:\Program Files\Azure Data Studio\bin;C:\Users\huyhi\AppData\Local\GitHubDesktop\bin;C:\Program Files\JetBrains\WebStorm 2021.3\bin;;C:\Program Files\JetBrains\PyCharm 2021.3\bin;;C:\Program Files\JetBrains\JetBrains Rider 2021.3\bin;;C:\Program Files\JetBrains\DataSpell 2021.3\bin;;C:\Program Files\JetBrains\PhpStorm 2021.3\bin;;C:\Program Files\JetBrains\RubyMine 2021.3\bin;;C:\Program Files\JetBrains\CLion 2021.3\bin;;C:\Program Files\JetBrains\GoLand 2021.3\bin;;C:\Program Files\JetBrains\DataGrip 2021.3.1\bin;;C:\Users\huyhi\AppData\Roaming\npm;C:\Program Files (x86)\Brackets\;C:\apache-maven-3.8.4\bin;C:\Users\huyhi\.dotnet\tools;C:\Users\huyhi\AppData\Roaming\Composer\vendor\bin;."/>
    <property name="java.vm.info" value="mixed mode, sharing"/>
    <property name="java.vendor" value="Eclipse Adoptium"/>
    <property name="java.vm.version" value="17.0.1+12"/>
    <property name="sun.io.unicode.encoding" value="UnicodeLittle"/>
    <property name="java.class.version" value="61.0"/>
  </properties>
  <testcase name="testGetDate" classname="tokyo.huyhieu.cukcuk.model.ExportNGTest" time="0.006">
    <system-out><![CDATA[getDate
]]></system-out>
  </testcase>
  <testcase name="testGetId" classname="tokyo.huyhieu.cukcuk.model.ExportNGTest" time="0.001">
    <system-out><![CDATA[getId
]]></system-out>
  </testcase>
  <testcase name="testGetIdUser" classname="tokyo.huyhieu.cukcuk.model.ExportNGTest" time="0">
    <system-out><![CDATA[getIdUser
]]></system-out>
  </testcase>
  <testcase name="testSetDate" classname="tokyo.huyhieu.cukcuk.model.ExportNGTest" time="0.001">
    <system-out><![CDATA[setDate
]]></system-out>
  </testcase>
  <testcase name="testSetId" classname="tokyo.huyhieu.cukcuk.model.ExportNGTest" time="0.001">
    <system-out><![CDATA[setId
]]></system-out>
  </testcase>
  <testcase name="testSetIdUser" classname="tokyo.huyhieu.cukcuk.model.ExportNGTest" time="0">
    <system-out><![CDATA[setIdUser
]]></system-out>
  </testcase>
</testsuite>