<?xml version="1.0" encoding="UTF-8"?>
<!-- Generated by org.testng.reporters.JUnitReportReporter -->
<testsuite hostname="Harison" failures="0" tests="7" name="tokyo.huyhieu.cukcuk.repository.CategoryRepositoryNGTest" time="0.846" errors="0" timestamp="31 May 2022 10:48:51 GMT" skipped="0">
  <testcase classname="tokyo.huyhieu.cukcuk.repository.CategoryRepositoryNGTest" name="testInsert" time="0.044"/>
  <testcase classname="tokyo.huyhieu.cukcuk.repository.CategoryRepositoryNGTest" name="testFindById" time="0.031"/>
  <testcase classname="tokyo.huyhieu.cukcuk.repository.CategoryRepositoryNGTest" name="testFindAll" time="0.077"/>
  <testcase classname="tokyo.huyhieu.cukcuk.repository.CategoryRepositoryNGTest" name="testRemove" time="0.073"/>
  <testcase classname="tokyo.huyhieu.cukcuk.repository.CategoryRepositoryNGTest" name="testEdit" time="0.621"/>
  <testcase classname="tokyo.huyhieu.cukcuk.repository.CategoryRepositoryNGTest" name="testRemoveWithEmpyId" time="0.000"/>
  <testcase classname="tokyo.huyhieu.cukcuk.repository.CategoryRepositoryNGTest" name="testRemoveWithNullId" time="0.000"/>
</testsuite> <!-- tokyo.huyhieu.cukcuk.repository.CategoryRepositoryNGTest -->
