<?xml version="1.0" encoding="UTF-8"?>
<!-- Generated by org.testng.reporters.JUnitReportReporter -->
<testsuite hostname="Harison" failures="0" tests="12" name="tokyo.huyhieu.cukcuk.model.UserNGTest" time="0.008" errors="0" timestamp="25 May 2022 11:51:00 GMT" skipped="0">
  <testcase classname="tokyo.huyhieu.cukcuk.model.UserNGTest" name="testSetUserName" time="0.000"/>
  <testcase classname="tokyo.huyhieu.cukcuk.model.UserNGTest" name="testSetPassword" time="0.000"/>
  <testcase classname="tokyo.huyhieu.cukcuk.model.UserNGTest" name="testGetFullName" time="0.005"/>
  <testcase classname="tokyo.huyhieu.cukcuk.model.UserNGTest" name="testSetId" time="0.000"/>
  <testcase classname="tokyo.huyhieu.cukcuk.model.UserNGTest" name="testSetPhone" time="0.001"/>
  <testcase classname="tokyo.huyhieu.cukcuk.model.UserNGTest" name="testGetId" time="0.000"/>
  <testcase classname="tokyo.huyhieu.cukcuk.model.UserNGTest" name="testGetPhone" time="0.000"/>
  <testcase classname="tokyo.huyhieu.cukcuk.model.UserNGTest" name="testGetPassword" time="0.000"/>
  <testcase classname="tokyo.huyhieu.cukcuk.model.UserNGTest" name="testGetRole" time="0.001"/>
  <testcase classname="tokyo.huyhieu.cukcuk.model.UserNGTest" name="testGetUserName" time="0.001"/>
  <testcase classname="tokyo.huyhieu.cukcuk.model.UserNGTest" name="testSetFullName" time="0.000"/>
  <testcase classname="tokyo.huyhieu.cukcuk.model.UserNGTest" name="testSetRole" time="0.000"/>
</testsuite> <!-- tokyo.huyhieu.cukcuk.model.UserNGTest -->
