<?xml version="1.0" encoding="UTF-8"?>
<!-- Generated by org.testng.reporters.JUnitReportReporter -->
<testsuite hostname="Harison" failures="0" tests="4" name="tokyo.huyhieu.cukcuk.model.CategoryNGTest" time="0.004" errors="0" timestamp="25 May 2022 06:20:38 GMT">
  <testcase classname="tokyo.huyhieu.cukcuk.model.CategoryNGTest" name="testSetName" time="0.000"/>
  <testcase classname="tokyo.huyhieu.cukcuk.model.CategoryNGTest" name="testGetName" time="0.001"/>
  <testcase classname="tokyo.huyhieu.cukcuk.model.CategoryNGTest" name="testSetId" time="0.000"/>
  <testcase classname="tokyo.huyhieu.cukcuk.model.CategoryNGTest" name="testGetId" time="0.003"/>
</testsuite> <!-- tokyo.huyhieu.cukcuk.model.CategoryNGTest -->
