<?xml version="1.0" encoding="UTF-8"?>
<!-- Generated by org.testng.reporters.JUnitReportReporter -->
<testsuite hostname="Harison" failures="0" tests="8" name="tokyo.huyhieu.cukcuk.repository.ProductRepositoryNGTest" time="2.607" errors="0" timestamp="31 May 2022 10:53:39 GMT" skipped="0">
  <testcase classname="tokyo.huyhieu.cukcuk.repository.ProductRepositoryNGTest" name="testRemoveWithEmptyID" time="0.001"/>
  <testcase classname="tokyo.huyhieu.cukcuk.repository.ProductRepositoryNGTest" name="testEdit" time="2.385"/>
  <testcase classname="tokyo.huyhieu.cukcuk.repository.ProductRepositoryNGTest" name="testRemove" time="0.047"/>
  <testcase classname="tokyo.huyhieu.cukcuk.repository.ProductRepositoryNGTest" name="testInsert" time="0.050"/>
  <testcase classname="tokyo.huyhieu.cukcuk.repository.ProductRepositoryNGTest" name="testFindById" time="0.024"/>
  <testcase classname="tokyo.huyhieu.cukcuk.repository.ProductRepositoryNGTest" name="testFindByNameAdd" time="0.029"/>
  <testcase classname="tokyo.huyhieu.cukcuk.repository.ProductRepositoryNGTest" name="testFindAll" time="0.071"/>
  <testcase classname="tokyo.huyhieu.cukcuk.repository.ProductRepositoryNGTest" name="testRemoveWithNullID" time="0.000"/>
</testsuite> <!-- tokyo.huyhieu.cukcuk.repository.ProductRepositoryNGTest -->
