<?xml version="1.0" encoding="UTF-8"?>
<!-- Generated by org.testng.reporters.JUnitReportReporter -->
<testsuite hostname="Harison" failures="0" tests="4" name="tokyo.huyhieu.cukcuk.model.WarehouseNGTest" time="0.003" errors="0" timestamp="29 May 2022 15:16:05 GMT" skipped="0">
  <testcase classname="tokyo.huyhieu.cukcuk.model.WarehouseNGTest" name="testGetIdMaterial" time="0.003"/>
  <testcase classname="tokyo.huyhieu.cukcuk.model.WarehouseNGTest" name="testSetIdMaterial" time="0.000"/>
  <testcase classname="tokyo.huyhieu.cukcuk.model.WarehouseNGTest" name="testSetQuantity" time="0.000"/>
  <testcase classname="tokyo.huyhieu.cukcuk.model.WarehouseNGTest" name="testGetQuantity" time="0.000"/>
</testsuite> <!-- tokyo.huyhieu.cukcuk.model.WarehouseNGTest -->
