<?xml version="1.0" encoding="UTF-8"?>
<!-- Generated by org.testng.reporters.JUnitReportReporter -->
<testsuite hostname="Harison" failures="0" tests="7" name="tokyo.huyhieu.cukcuk.repository.CategoryRepositoryNGTest" time="0.695" errors="0" timestamp="26 May 2022 00:25:37 GMT" skipped="0">
  <testcase classname="tokyo.huyhieu.cukcuk.repository.CategoryRepositoryNGTest" name="testRemoveWithNullId" time="0.001"/>
  <testcase classname="tokyo.huyhieu.cukcuk.repository.CategoryRepositoryNGTest" name="testRemove" time="0.071"/>
  <testcase classname="tokyo.huyhieu.cukcuk.repository.CategoryRepositoryNGTest" name="testEdit" time="0.480"/>
  <testcase classname="tokyo.huyhieu.cukcuk.repository.CategoryRepositoryNGTest" name="testInsert" time="0.047"/>
  <testcase classname="tokyo.huyhieu.cukcuk.repository.CategoryRepositoryNGTest" name="testFindById" time="0.025"/>
  <testcase classname="tokyo.huyhieu.cukcuk.repository.CategoryRepositoryNGTest" name="testRemoveWithEmpyId" time="0.001"/>
  <testcase classname="tokyo.huyhieu.cukcuk.repository.CategoryRepositoryNGTest" name="testFindAll" time="0.070"/>
</testsuite> <!-- tokyo.huyhieu.cukcuk.repository.CategoryRepositoryNGTest -->
