<?xml version="1.0" encoding="UTF-8"?>
<!-- Generated by org.testng.reporters.JUnitReportReporter -->
<testsuite hostname="Harison" failures="0" tests="6" name="tokyo.huyhieu.cukcuk.repository.WarehouseRepositoryNGTest" time="3.197" errors="0" timestamp="29 May 2022 16:07:11 GMT" skipped="0">
  <testcase classname="tokyo.huyhieu.cukcuk.repository.WarehouseRepositoryNGTest" name="testRemove" time="0.022"/>
  <testcase classname="tokyo.huyhieu.cukcuk.repository.WarehouseRepositoryNGTest" name="testEdit" time="2.509"/>
  <testcase classname="tokyo.huyhieu.cukcuk.repository.WarehouseRepositoryNGTest" name="testInsert" time="0.558"/>
  <testcase classname="tokyo.huyhieu.cukcuk.repository.WarehouseRepositoryNGTest" name="testRemove_Exception" time="0.002"/>
  <testcase classname="tokyo.huyhieu.cukcuk.repository.WarehouseRepositoryNGTest" name="testFindAll" time="0.081"/>
  <testcase classname="tokyo.huyhieu.cukcuk.repository.WarehouseRepositoryNGTest" name="testFindById" time="0.025"/>
</testsuite> <!-- tokyo.huyhieu.cukcuk.repository.WarehouseRepositoryNGTest -->
