<?xml version="1.0" encoding="UTF-8"?>
<!-- Generated by org.testng.reporters.JUnitReportReporter -->
<testsuite hostname="Harison" failures="0" tests="8" name="tokyo.huyhieu.cukcuk.model.ExportDetailNGTest" time="0.003" errors="0" timestamp="29 May 2022 15:16:04 GMT" skipped="0">
  <testcase classname="tokyo.huyhieu.cukcuk.model.ExportDetailNGTest" name="testSetQuantity" time="0.000"/>
  <testcase classname="tokyo.huyhieu.cukcuk.model.ExportDetailNGTest" name="testSetIdMaterial" time="0.000"/>
  <testcase classname="tokyo.huyhieu.cukcuk.model.ExportDetailNGTest" name="testGetId" time="0.002"/>
  <testcase classname="tokyo.huyhieu.cukcuk.model.ExportDetailNGTest" name="testSetId" time="0.000"/>
  <testcase classname="tokyo.huyhieu.cukcuk.model.ExportDetailNGTest" name="testSetIdExport" time="0.000"/>
  <testcase classname="tokyo.huyhieu.cukcuk.model.ExportDetailNGTest" name="testGetQuantity" time="0.001"/>
  <testcase classname="tokyo.huyhieu.cukcuk.model.ExportDetailNGTest" name="testGetIdExport" time="0.000"/>
  <testcase classname="tokyo.huyhieu.cukcuk.model.ExportDetailNGTest" name="testGetIdMaterial" time="0.000"/>
</testsuite> <!-- tokyo.huyhieu.cukcuk.model.ExportDetailNGTest -->
