<?xml version="1.0" encoding="UTF-8"?>
<!-- Generated by org.testng.reporters.JUnitReportReporter -->
<testsuite hostname="Harison" failures="0" tests="10" name="tokyo.huyhieu.cukcuk.model.OrderDetailNGTest" time="0.003" errors="0" timestamp="29 May 2022 15:16:05 GMT" skipped="0">
  <testcase classname="tokyo.huyhieu.cukcuk.model.OrderDetailNGTest" name="testSetId" time="0.000"/>
  <testcase classname="tokyo.huyhieu.cukcuk.model.OrderDetailNGTest" name="testGetIdOrder" time="0.000"/>
  <testcase classname="tokyo.huyhieu.cukcuk.model.OrderDetailNGTest" name="testGetQuantity" time="0.000"/>
  <testcase classname="tokyo.huyhieu.cukcuk.model.OrderDetailNGTest" name="testGetId" time="0.002"/>
  <testcase classname="tokyo.huyhieu.cukcuk.model.OrderDetailNGTest" name="testGetIdProduct" time="0.001"/>
  <testcase classname="tokyo.huyhieu.cukcuk.model.OrderDetailNGTest" name="testGetIntoMoney" time="0.000"/>
  <testcase classname="tokyo.huyhieu.cukcuk.model.OrderDetailNGTest" name="testSetIdOrder" time="0.000"/>
  <testcase classname="tokyo.huyhieu.cukcuk.model.OrderDetailNGTest" name="testSetQuantity" time="0.000"/>
  <testcase classname="tokyo.huyhieu.cukcuk.model.OrderDetailNGTest" name="testSetIntoMoney" time="0.000"/>
  <testcase classname="tokyo.huyhieu.cukcuk.model.OrderDetailNGTest" name="testSetIdProduct" time="0.000"/>
</testsuite> <!-- tokyo.huyhieu.cukcuk.model.OrderDetailNGTest -->
