<?xml version="1.0" encoding="UTF-8"?>
<!-- Generated by org.testng.reporters.JUnitReportReporter -->
<testsuite hostname="Harison" failures="0" tests="10" name="tokyo.huyhieu.cukcuk.model.ImportDetailNGTest" time="0.003" errors="0" timestamp="29 May 2022 15:16:05 GMT" skipped="0">
  <testcase classname="tokyo.huyhieu.cukcuk.model.ImportDetailNGTest" name="testGetId" time="0.002"/>
  <testcase classname="tokyo.huyhieu.cukcuk.model.ImportDetailNGTest" name="testSetId" time="0.000"/>
  <testcase classname="tokyo.huyhieu.cukcuk.model.ImportDetailNGTest" name="testSetIdImport" time="0.000"/>
  <testcase classname="tokyo.huyhieu.cukcuk.model.ImportDetailNGTest" name="testSetIdMaterial" time="0.000"/>
  <testcase classname="tokyo.huyhieu.cukcuk.model.ImportDetailNGTest" name="testSetIntoMoney" time="0.000"/>
  <testcase classname="tokyo.huyhieu.cukcuk.model.ImportDetailNGTest" name="testGetIdMaterial" time="0.000"/>
  <testcase classname="tokyo.huyhieu.cukcuk.model.ImportDetailNGTest" name="testGetIntoMoney" time="0.000"/>
  <testcase classname="tokyo.huyhieu.cukcuk.model.ImportDetailNGTest" name="testGetIdImport" time="0.000"/>
  <testcase classname="tokyo.huyhieu.cukcuk.model.ImportDetailNGTest" name="testGetQuantity" time="0.001"/>
  <testcase classname="tokyo.huyhieu.cukcuk.model.ImportDetailNGTest" name="testSetQuantity" time="0.000"/>
</testsuite> <!-- tokyo.huyhieu.cukcuk.model.ImportDetailNGTest -->
