<?xml version="1.0" encoding="UTF-8"?>
<!-- Generated by org.testng.reporters.JUnitReportReporter -->
<testsuite hostname="Harison" failures="0" tests="10" name="tokyo.huyhieu.cukcuk.model.ProductNGTest" time="0.005" errors="0" timestamp="29 May 2022 15:16:04 GMT" skipped="0">
  <testcase classname="tokyo.huyhieu.cukcuk.model.ProductNGTest" name="testSetPrice" time="0.000"/>
  <testcase classname="tokyo.huyhieu.cukcuk.model.ProductNGTest" name="testGetId" time="0.003"/>
  <testcase classname="tokyo.huyhieu.cukcuk.model.ProductNGTest" name="testSetImage" time="0.000"/>
  <testcase classname="tokyo.huyhieu.cukcuk.model.ProductNGTest" name="testGetName" time="0.000"/>
  <testcase classname="tokyo.huyhieu.cukcuk.model.ProductNGTest" name="testGetPrice" time="0.000"/>
  <testcase classname="tokyo.huyhieu.cukcuk.model.ProductNGTest" name="testGetIdCategory" time="0.001"/>
  <testcase classname="tokyo.huyhieu.cukcuk.model.ProductNGTest" name="testSetId" time="0.000"/>
  <testcase classname="tokyo.huyhieu.cukcuk.model.ProductNGTest" name="testSetIdCategory" time="0.000"/>
  <testcase classname="tokyo.huyhieu.cukcuk.model.ProductNGTest" name="testGetImage" time="0.000"/>
  <testcase classname="tokyo.huyhieu.cukcuk.model.ProductNGTest" name="testSetName" time="0.001"/>
</testsuite> <!-- tokyo.huyhieu.cukcuk.model.ProductNGTest -->
