<?xml version="1.0" encoding="UTF-8"?>
<!-- Generated by org.testng.reporters.JUnitReportReporter -->
<testsuite hostname="Harison" failures="0" tests="10" name="tokyo.huyhieu.cukcuk.model.ImportNGTest" time="0.006" errors="0" timestamp="29 May 2022 15:16:04 GMT" skipped="0">
  <testcase classname="tokyo.huyhieu.cukcuk.model.ImportNGTest" name="testGetDate" time="0.001"/>
  <testcase classname="tokyo.huyhieu.cukcuk.model.ImportNGTest" name="testGetId" time="0.000"/>
  <testcase classname="tokyo.huyhieu.cukcuk.model.ImportNGTest" name="testSetIdSupplier" time="0.000"/>
  <testcase classname="tokyo.huyhieu.cukcuk.model.ImportNGTest" name="testSetId" time="0.000"/>
  <testcase classname="tokyo.huyhieu.cukcuk.model.ImportNGTest" name="testGetIdUser" time="0.000"/>
  <testcase classname="tokyo.huyhieu.cukcuk.model.ImportNGTest" name="testGetTotalMoney" time="0.002"/>
  <testcase classname="tokyo.huyhieu.cukcuk.model.ImportNGTest" name="testSetIdUser" time="0.001"/>
  <testcase classname="tokyo.huyhieu.cukcuk.model.ImportNGTest" name="testSetDate" time="0.000"/>
  <testcase classname="tokyo.huyhieu.cukcuk.model.ImportNGTest" name="testGetIdSupplier" time="0.001"/>
  <testcase classname="tokyo.huyhieu.cukcuk.model.ImportNGTest" name="testSetTotalMoney" time="0.001"/>
</testsuite> <!-- tokyo.huyhieu.cukcuk.model.ImportNGTest -->
