<?xml version="1.0" encoding="UTF-8"?>
<!-- Generated by org.testng.reporters.JUnitReportReporter -->
<testsuite hostname="Harison" failures="0" tests="8" name="tokyo.huyhieu.cukcuk.model.SupplierNGTest" time="0.003" errors="0" timestamp="29 May 2022 15:16:05 GMT" skipped="0">
  <testcase classname="tokyo.huyhieu.cukcuk.model.SupplierNGTest" name="testSetId" time="0.001"/>
  <testcase classname="tokyo.huyhieu.cukcuk.model.SupplierNGTest" name="testGetPhone" time="0.000"/>
  <testcase classname="tokyo.huyhieu.cukcuk.model.SupplierNGTest" name="testGetName" time="0.000"/>
  <testcase classname="tokyo.huyhieu.cukcuk.model.SupplierNGTest" name="testSetAddress" time="0.000"/>
  <testcase classname="tokyo.huyhieu.cukcuk.model.SupplierNGTest" name="testGetAddress" time="0.001"/>
  <testcase classname="tokyo.huyhieu.cukcuk.model.SupplierNGTest" name="testSetPhone" time="0.000"/>
  <testcase classname="tokyo.huyhieu.cukcuk.model.SupplierNGTest" name="testSetName" time="0.000"/>
  <testcase classname="tokyo.huyhieu.cukcuk.model.SupplierNGTest" name="testGetId" time="0.001"/>
</testsuite> <!-- tokyo.huyhieu.cukcuk.model.SupplierNGTest -->
