<?xml version="1.0" encoding="UTF-8"?>
<!-- Generated by org.testng.reporters.JUnitReportReporter -->
<testsuite hostname="Harison" failures="0" tests="6" name="tokyo.huyhieu.cukcuk.model.ExportNGTest" time="0.003" errors="0" timestamp="29 May 2022 15:16:04 GMT" skipped="0">
  <testcase classname="tokyo.huyhieu.cukcuk.model.ExportNGTest" name="testSetId" time="0.001"/>
  <testcase classname="tokyo.huyhieu.cukcuk.model.ExportNGTest" name="testSetDate" time="0.000"/>
  <testcase classname="tokyo.huyhieu.cukcuk.model.ExportNGTest" name="testGetIdUser" time="0.000"/>
  <testcase classname="tokyo.huyhieu.cukcuk.model.ExportNGTest" name="testSetIdUser" time="0.000"/>
  <testcase classname="tokyo.huyhieu.cukcuk.model.ExportNGTest" name="testGetDate" time="0.002"/>
  <testcase classname="tokyo.huyhieu.cukcuk.model.ExportNGTest" name="testGetId" time="0.000"/>
</testsuite> <!-- tokyo.huyhieu.cukcuk.model.ExportNGTest -->
