<?xml version="1.0" encoding="UTF-8"?>
<!-- Generated by org.testng.reporters.JUnitReportReporter -->
<testsuite hostname="Harison" failures="0" tests="12" name="tokyo.huyhieu.cukcuk.model.OrderNGTest" time="0.005" errors="0" timestamp="29 May 2022 15:16:04 GMT" skipped="0">
  <testcase classname="tokyo.huyhieu.cukcuk.model.OrderNGTest" name="testSetDate" time="0.000"/>
  <testcase classname="tokyo.huyhieu.cukcuk.model.OrderNGTest" name="testSetIdUser" time="0.001"/>
  <testcase classname="tokyo.huyhieu.cukcuk.model.OrderNGTest" name="testSetIdVoucher" time="0.000"/>
  <testcase classname="tokyo.huyhieu.cukcuk.model.OrderNGTest" name="testSetTotalMoney" time="0.000"/>
  <testcase classname="tokyo.huyhieu.cukcuk.model.OrderNGTest" name="testGetId" time="0.000"/>
  <testcase classname="tokyo.huyhieu.cukcuk.model.OrderNGTest" name="testGetTotalMoney" time="0.000"/>
  <testcase classname="tokyo.huyhieu.cukcuk.model.OrderNGTest" name="testGetIdUser" time="0.000"/>
  <testcase classname="tokyo.huyhieu.cukcuk.model.OrderNGTest" name="testSetStatus" time="0.000"/>
  <testcase classname="tokyo.huyhieu.cukcuk.model.OrderNGTest" name="testGetIdVoucher" time="0.000"/>
  <testcase classname="tokyo.huyhieu.cukcuk.model.OrderNGTest" name="testIsStatus" time="0.000"/>
  <testcase classname="tokyo.huyhieu.cukcuk.model.OrderNGTest" name="testGetDate" time="0.004"/>
  <testcase classname="tokyo.huyhieu.cukcuk.model.OrderNGTest" name="testSetId" time="0.000"/>
</testsuite> <!-- tokyo.huyhieu.cukcuk.model.OrderNGTest -->
